<?xml version="1.0" encoding="UTF-8"?>
<testng-results ignored="0" total="1" passed="1" failed="0" skipped="0">
  <reporter-output>
  </reporter-output>
  <suite started-at="2021-09-08T19:25:16 BDT" name="Default suite" finished-at="2021-09-08T19:25:27 BDT" duration-ms="11441">
    <groups>
    </groups>
    <test started-at="2021-09-08T19:25:16 BDT" name="Default test" finished-at="2021-09-08T19:25:27 BDT" duration-ms="11441">
      <class name="overall_test.VerifyLogin">
        <test-method is-config="true" signature="setDriver()[pri:0, instance:overall_test.VerifyLogin@793be5ca]" started-at="2021-09-08T19:25:14 BDT" name="setDriver" finished-at="2021-09-08T19:25:16 BDT" duration-ms="1774" status="PASS">
          <reporter-output>
          </reporter-output>
        </test-method> <!-- setDriver -->
        <test-method signature="verifyLogin()[pri:0, instance:overall_test.VerifyLogin@793be5ca]" started-at="2021-09-08T19:25:16 BDT" name="verifyLogin" finished-at="2021-09-08T19:25:27 BDT" duration-ms="11416" status="PASS">
          <reporter-output>
          </reporter-output>
        </test-method> <!-- verifyLogin -->
        <test-method is-config="true" signature="close()[pri:0, instance:overall_test.VerifyLogin@793be5ca]" started-at="2021-09-08T19:25:27 BDT" name="close" finished-at="2021-09-08T19:25:28 BDT" duration-ms="516" status="PASS">
          <reporter-output>
          </reporter-output>
        </test-method> <!-- close -->
      </class> <!-- overall_test.VerifyLogin -->
    </test> <!-- Default test -->
  </suite> <!-- Default suite -->
</testng-results>
